<?xml version="1.0" encoding="UTF-8"?>
<testsuite xmlns:xsi="http://www.w3.org/2001/XMLSchema-instance" xsi:noNamespaceSchemaLocation="https://maven.apache.org/surefire/maven-surefire-plugin/xsd/surefire-test-report-3.0.xsd" version="3.0" name="com.delivery_tracking_system.controller.AdminControllerTest" time="48.827" tests="2" errors="0" skipped="0" failures="0">
  <properties>
[...]
</properties>
  <testcase name="testUpdateOrderStatus" classname="com.delivery_tracking_system.controller.AdminControllerTest" time="18.479">
    <system-out><![CDATA[14:21:02.363 [main] INFO org.springframework.test.context.support.AnnotationConfigContextLoaderUtils -- Could not detect default configuration classes for test class [com.delivery_tracking_system.controller.AdminControllerTest]: AdminControllerTest does not declare any static, non-private, non-final, nested classes annotated with @Configuration.
14:21:02.801 [main] INFO org.springframework.boot.test.context.SpringBootTestContextBootstrapper -- Found @SpringBootConfiguration com.delivery_tracking_system.DeliveryTrackingSystemApplication for test class com.delivery_tracking_system.controller.AdminControllerTest

  .   ____          _            __ _ _
 /\\ / ___'_ __ _ _(_)_ __  __ _ \ \ \ \
( ( )\___ | '_ | '_| | '_ \/ _` | \ \ \ \
 \\/  ___)| |_)| | | | | || (_| |  ) ) ) )
  '  |____| .__|_| |_|_| |_\__, | / / / /
 =========|_|==============|___/=/_/_/_/
 :: Spring Boot ::                (v3.2.0)

2025-06-17T14:21:03.743+05:30  INFO 31544 --- [delivery-tracking-system] [           main] c.d.controller.AdminControllerTest       : Starting AdminControllerTest using Java 17.0.15 with PID 31544 (started by ABHINAV in C:\Users\ABHINAV\Downloads\delivery-tracking-system\delivery-tracking-system)
2025-06-17T14:21:03.747+05:30  INFO 31544 --- [delivery-tracking-system] [           main] c.d.controller.AdminControllerTest       : No active profile set, falling back to 1 default profile: "default"
2025-06-17T14:21:05.651+05:30  INFO 31544 --- [delivery-tracking-system] [           main] .s.d.r.c.RepositoryConfigurationDelegate : Bootstrapping Spring Data JPA repositories in DEFAULT mode.
2025-06-17T14:21:05.794+05:30  INFO 31544 --- [delivery-tracking-system] [           main] .s.d.r.c.RepositoryConfigurationDelegate : Finished Spring Data repository scanning in 123 ms. Found 3 JPA repository interfaces.
2025-06-17T14:21:07.129+05:30  INFO 31544 --- [delivery-tracking-system] [           main] o.hibernate.jpa.internal.util.LogHelper  : HHH000204: Processing PersistenceUnitInfo [name: default]
2025-06-17T14:21:07.291+05:30  INFO 31544 --- [delivery-tracking-system] [           main] org.hibernate.Version                    : HHH000412: Hibernate ORM core version 6.3.1.Final
2025-06-17T14:21:07.381+05:30  INFO 31544 --- [delivery-tracking-system] [           main] o.h.c.internal.RegionFactoryInitiator    : HHH000026: Second-level cache disabled
2025-06-17T14:21:08.161+05:30  INFO 31544 --- [delivery-tracking-system] [           main] o.s.o.j.p.SpringPersistenceUnitInfo      : No LoadTimeWeaver setup: ignoring JPA class transformer
2025-06-17T14:21:08.228+05:30  INFO 31544 --- [delivery-tracking-system] [           main] com.zaxxer.hikari.HikariDataSource       : HikariPool-1 - Starting...
2025-06-17T14:21:08.991+05:30  INFO 31544 --- [delivery-tracking-system] [           main] com.zaxxer.hikari.pool.HikariPool        : HikariPool-1 - Added connection com.mysql.cj.jdbc.ConnectionImpl@72a34537
2025-06-17T14:21:08.996+05:30  INFO 31544 --- [delivery-tracking-system] [           main] com.zaxxer.hikari.HikariDataSource       : HikariPool-1 - Start completed.
2025-06-17T14:21:11.172+05:30  INFO 31544 --- [delivery-tracking-system] [           main] o.h.e.t.j.p.i.JtaPlatformInitiator       : HHH000489: No JTA platform available (set 'hibernate.transaction.jta.platform' to enable JTA platform integration)
2025-06-17T14:21:11.349+05:30  INFO 31544 --- [delivery-tracking-system] [           main] j.LocalContainerEntityManagerFactoryBean : Initialized JPA EntityManagerFactory for persistence unit 'default'
2025-06-17T14:21:11.376+05:30  INFO 31544 --- [delivery-tracking-system] [           main] c.d.security.JwtTokenProvider            : Loaded jwt.secret: 'mysecretkey12345678901234567890mysecretkey12345678901234567890abcd'
2025-06-17T14:21:11.376+05:30  INFO 31544 --- [delivery-tracking-system] [           main] c.d.security.JwtTokenProvider            : jwt.secret length: 66
2025-06-17T14:21:11.376+05:30  INFO 31544 --- [delivery-tracking-system] [           main] c.d.security.JwtTokenProvider            : jwt.secret byte length: 66
2025-06-17T14:21:11.377+05:30  INFO 31544 --- [delivery-tracking-system] [           main] c.d.security.JwtTokenProvider            : jwt.secret bit length: 528
2025-06-17T14:21:14.784+05:30  INFO 31544 --- [delivery-tracking-system] [           main] o.s.s.web.DefaultSecurityFilterChain     : Will secure any request with [org.springframework.security.web.session.DisableEncodeUrlFilter@f461c9c, org.springframework.security.web.context.request.async.WebAsyncManagerIntegrationFilter@40477d52, org.springframework.security.web.context.SecurityContextHolderFilter@33315925, org.springframework.security.web.header.HeaderWriterFilter@586af46, org.springframework.web.filter.CorsFilter@2a1be9f8, org.springframework.security.web.authentication.logout.LogoutFilter@4d5d945d, com.delivery_tracking_system.security.JwtAuthenticationFilter@7e0b68e5, org.springframework.security.web.savedrequest.RequestCacheAwareFilter@628b9af5, org.springframework.security.web.servletapi.SecurityContextHolderAwareRequestFilter@137db13f, org.springframework.security.web.authentication.AnonymousAuthenticationFilter@59b43e35, org.springframework.security.web.session.SessionManagementFilter@726ee6cf, org.springframework.security.web.access.ExceptionTranslationFilter@4807b2b7, org.springframework.security.web.access.intercept.AuthorizationFilter@18baee88]
2025-06-17T14:21:16.114+05:30  INFO 31544 --- [delivery-tracking-system] [           main] o.s.b.t.m.w.SpringBootMockServletContext : Initializing Spring TestDispatcherServlet ''
2025-06-17T14:21:16.115+05:30  INFO 31544 --- [delivery-tracking-system] [           main] o.s.t.web.servlet.TestDispatcherServlet  : Initializing Servlet ''
2025-06-17T14:21:16.119+05:30  INFO 31544 --- [delivery-tracking-system] [           main] o.s.t.web.servlet.TestDispatcherServlet  : Completed initialization in 2 ms
2025-06-17T14:21:16.188+05:30  INFO 31544 --- [delivery-tracking-system] [           main] c.d.controller.AdminControllerTest       : Started AdminControllerTest in 13.032 seconds (process running for 15.91)
Hibernate: select u1_0.id,u1_0.email,u1_0.password,u1_0.role,u1_0.username from user u1_0 where u1_0.username=?
2025-06-17T14:21:17.646+05:30  WARN 31544 --- [delivery-tracking-system] [           main] o.s.w.s.h.HandlerMappingIntrospector     : Cache miss for REQUEST dispatch to '/api/auth/login' (previous null). Performing CorsConfiguration lookup. This is logged once only at WARN level, and every time at TRACE.
2025-06-17T14:21:17.768+05:30  INFO 31544 --- [delivery-tracking-system] [           main] c.d.controller.AuthController            : Login request for user: admin1
2025-06-17T14:21:17.769+05:30  INFO 31544 --- [delivery-tracking-system] [           main] c.d.service.AuthService                  : Attempting login for user: admin1
Hibernate: select u1_0.id,u1_0.email,u1_0.password,u1_0.role,u1_0.username from user u1_0 where u1_0.username=?
Hibernate: select u1_0.id,u1_0.email,u1_0.password,u1_0.role,u1_0.username from user u1_0 where u1_0.username=?
2025-06-17T14:21:18.138+05:30  INFO 31544 --- [delivery-tracking-system] [           main] c.d.service.AuthService                  : Login successful for user: admin1
Hibernate: select u1_0.id,u1_0.email,u1_0.password,u1_0.role,u1_0.username from user u1_0 where u1_0.username=?
2025-06-17T14:21:18.236+05:30  INFO 31544 --- [delivery-tracking-system] [           main] c.d.controller.AdminController           : Updating status for order ID : 1
2025-06-17T14:21:18.236+05:30  INFO 31544 --- [delivery-tracking-system] [           main] c.d.service.OrderService                 : Updating status for order ID: 1 to DELIVERED
Hibernate: select o1_0.id,c1_0.id,c1_0.email,c1_0.password,c1_0.role,c1_0.username,o1_0.delivery_address,da1_0.id,da1_0.email,da1_0.password,da1_0.role,da1_0.username,o1_0.status from order_table o1_0 left join user c1_0 on c1_0.id=o1_0.customer_id left join user da1_0 on da1_0.id=o1_0.delivery_agent_id where o1_0.id=?
Hibernate: select o1_0.id,c1_0.id,c1_0.email,c1_0.password,c1_0.role,c1_0.username,o1_0.delivery_address,da1_0.id,da1_0.email,da1_0.password,da1_0.role,da1_0.username,o1_0.status from order_table o1_0 left join user c1_0 on c1_0.id=o1_0.customer_id left join user da1_0 on da1_0.id=o1_0.delivery_agent_id where o1_0.id=?
2025-06-17T14:21:18.341+05:30  INFO 31544 --- [delivery-tracking-system] [           main] c.d.service.NotificationService          : Sending email to : delivery.notify.system@gmail.com for order ID: 1
2025-06-17T14:21:34.656+05:30  INFO 31544 --- [delivery-tracking-system] [           main] c.d.service.NotificationService          : Email sent successfully to : delivery.notify.system@gmail.com
2025-06-17T14:21:34.656+05:30  INFO 31544 --- [delivery-tracking-system] [           main] c.d.service.OrderService                 : Order status updated for order ID : 1
]]></system-out>
  </testcase>
  <testcase name="testCreateOrder" classname="com.delivery_tracking_system.controller.AdminControllerTest" time="15.925">
    <system-out><![CDATA[Hibernate: select u1_0.id,u1_0.email,u1_0.password,u1_0.role,u1_0.username from user u1_0 where u1_0.username=?
2025-06-17T14:21:34.725+05:30  INFO 31544 --- [delivery-tracking-system] [           main] c.d.controller.AuthController            : Login request for user: admin1
2025-06-17T14:21:34.725+05:30  INFO 31544 --- [delivery-tracking-system] [           main] c.d.service.AuthService                  : Attempting login for user: admin1
Hibernate: select u1_0.id,u1_0.email,u1_0.password,u1_0.role,u1_0.username from user u1_0 where u1_0.username=?
Hibernate: select u1_0.id,u1_0.email,u1_0.password,u1_0.role,u1_0.username from user u1_0 where u1_0.username=?
2025-06-17T14:21:34.881+05:30  INFO 31544 --- [delivery-tracking-system] [           main] c.d.service.AuthService                  : Login successful for user: admin1
Hibernate: select u1_0.id,u1_0.email,u1_0.password,u1_0.role,u1_0.username from user u1_0 where u1_0.username=?
2025-06-17T14:21:34.911+05:30  INFO 31544 --- [delivery-tracking-system] [           main] c.d.controller.AdminController           : Creating order for customer ID : 2
2025-06-17T14:21:34.911+05:30  INFO 31544 --- [delivery-tracking-system] [           main] c.d.service.OrderService                 : Creating order for customer ID : 2
Hibernate: select u1_0.id,u1_0.email,u1_0.password,u1_0.role,u1_0.username from user u1_0 where u1_0.id=?
Hibernate: select u1_0.id,u1_0.email,u1_0.password,u1_0.role,u1_0.username from user u1_0 where u1_0.id=?
Hibernate: insert into order_table (customer_id,delivery_address,delivery_agent_id,status) values (?,?,?,?)
2025-06-17T14:21:34.996+05:30  INFO 31544 --- [delivery-tracking-system] [           main] c.d.service.NotificationService          : Sending email to : delivery.notify.system@gmail.com for order ID: 7
2025-06-17T14:21:50.628+05:30  INFO 31544 --- [delivery-tracking-system] [           main] c.d.service.NotificationService          : Email sent successfully to : delivery.notify.system@gmail.com
2025-06-17T14:21:50.628+05:30  INFO 31544 --- [delivery-tracking-system] [           main] c.d.service.OrderService                 : Order created with ID: 7
]]></system-out>
  </testcase>
</testsuite>